# JRE version: Java(TM) SE Runtime Environment (7.0_40-b43) (build 1.7.0_40-b43)
# Java VM: Java HotSpot(TM) 64-Bit Server VM (24.0-b56 mixed mode linux-amd64 compressed oops)
Heap
 PSYoungGen      total 118272K, used 93724K [0x00000000f5500000, 0x00000000fe400000, 0x0000000100000000)
  eden space 97280K, 79% used [0x00000000f5500000,0x00000000fa021d78,0x00000000fb400000)
  from space 20992K, 79% used [0x00000000fcf80000,0x00000000fdfe5310,0x00000000fe400000)
  to   space 24576K, 0% used [0x00000000fb400000,0x00000000fb400000,0x00000000fcc00000)
 ParOldGen       total 68096K, used 43742K [0x00000000e0000000, 0x00000000e4280000, 0x00000000f5500000)
  object space 68096K, 64% used [0x00000000e0000000,0x00000000e2ab78b0,0x00000000e4280000)
 PSPermGen       total 60416K, used 60188K [0x00000000d0000000, 0x00000000d3b00000, 0x00000000e0000000)
  object space 60416K, 99% used [0x00000000d0000000,0x00000000d3ac7008,0x00000000d3b00000)
GC Heap History (10 events):
Event: 3.370 GC heap before
{Heap before GC invocations=3 (full 0):
 PSYoungGen      total 36352K, used 36345K [0x00000000f5500000, 0x00000000f7b00000, 0x0000000100000000)
  eden space 33792K, 100% used [0x00000000f5500000,0x00000000f7600000,0x00000000f7600000)
  from space 2560K, 99% used [0x00000000f7880000,0x00000000f7afe4c0,0x00000000f7b00000)
  to   space 2560K, 0% used [0x00000000f7600000,0x00000000f7600000,0x00000000f7880000)
 ParOldGen       total 44032K, used 5445K [0x00000000e0000000, 0x00000000e2b00000, 0x00000000f5500000)
  object space 44032K, 12% used [0x00000000e0000000,0x00000000e0551590,0x00000000e2b00000)
 PSPermGen       total 22016K, used 21742K [0x00000000d0000000, 0x00000000d1580000, 0x00000000e0000000)
  object space 22016K, 98% used [0x00000000d0000000,0x00000000d153b8b8,0x00000000d1580000)
Event: 3.412 GC heap after
Heap after GC invocations=3 (full 0):
 PSYoungGen      total 36352K, used 2537K [0x00000000f5500000, 0x00000000f9c00000, 0x0000000100000000)
  eden space 33792K, 0% used [0x00000000f5500000,0x00000000f5500000,0x00000000f7600000)
  from space 2560K, 99% used [0x00000000f7600000,0x00000000f787a560,0x00000000f7880000)
  to   space 2560K, 0% used [0x00000000f9980000,0x00000000f9980000,0x00000000f9c00000)
 ParOldGen       total 44032K, used 18190K [0x00000000e0000000, 0x00000000e2b00000, 0x00000000f5500000)
  object space 44032K, 41% used [0x00000000e0000000,0x00000000e11c39f0,0x00000000e2b00000)
 PSPermGen       total 22016K, used 21742K [0x00000000d0000000, 0x00000000d1580000, 0x00000000e0000000)
  object space 22016K, 98% used [0x00000000d0000000,0x00000000d153b8b8,0x00000000d1580000)
}
Event: 4.993 GC heap before
{Heap before GC invocations=4 (full 0):
 PSYoungGen      total 36352K, used 36329K [0x00000000f5500000, 0x00000000f9c00000, 0x0000000100000000)
  eden space 33792K, 100% used [0x00000000f5500000,0x00000000f7600000,0x00000000f7600000)
  from space 2560K, 99% used [0x00000000f7600000,0x00000000f787a560,0x00000000f7880000)
  to   space 2560K, 0% used [0x00000000f9980000,0x00000000f9980000,0x00000000f9c00000)
 ParOldGen       total 44032K, used 18190K [0x00000000e0000000, 0x00000000e2b00000, 0x00000000f5500000)
  object space 44032K, 41% used [0x00000000e0000000,0x00000000e11c39f0,0x00000000e2b00000)
 PSPermGen       total 30208K, used 30053K [0x00000000d0000000, 0x00000000d1d80000, 0x00000000e0000000)
  object space 30208K, 99% used [0x00000000d0000000,0x00000000d1d594b0,0x00000000d1d80000)
Event: 5.032 GC heap after
Heap after GC invocations=4 (full 0):
 PSYoungGen      total 70144K, used 2554K [0x00000000f5500000, 0x00000000f9c00000, 0x0000000100000000)
  eden space 67584K, 0% used [0x00000000f5500000,0x00000000f5500000,0x00000000f9700000)
  from space 2560K, 99% used [0x00000000f9980000,0x00000000f9bfe848,0x00000000f9c00000)
  to   space 2560K, 0% used [0x00000000f9700000,0x00000000f9700000,0x00000000f9980000)
 ParOldGen       total 44032K, used 29642K [0x00000000e0000000, 0x00000000e2b00000, 0x00000000f5500000)
  object space 44032K, 67% used [0x00000000e0000000,0x00000000e1cf2898,0x00000000e2b00000)
 PSPermGen       total 30208K, used 30053K [0x00000000d0000000, 0x00000000d1d80000, 0x00000000e0000000)
  object space 30208K, 99% used [0x00000000d0000000,0x00000000d1d594b0,0x00000000d1d80000)
}
Event: 5.032 GC heap before
{Heap before GC invocations=5 (full 1):
 PSYoungGen      total 70144K, used 2554K [0x00000000f5500000, 0x00000000f9c00000, 0x0000000100000000)
  eden space 67584K, 0% used [0x00000000f5500000,0x00000000f5500000,0x00000000f9700000)
  from space 2560K, 99% used [0x00000000f9980000,0x00000000f9bfe848,0x00000000f9c00000)
  to   space 2560K, 0% used [0x00000000f9700000,0x00000000f9700000,0x00000000f9980000)
 ParOldGen       total 44032K, used 29642K [0x00000000e0000000, 0x00000000e2b00000, 0x00000000f5500000)
  object space 44032K, 67% used [0x00000000e0000000,0x00000000e1cf2898,0x00000000e2b00000)
 PSPermGen       total 30208K, used 30053K [0x00000000d0000000, 0x00000000d1d80000, 0x00000000e0000000)
  object space 30208K, 99% used [0x00000000d0000000,0x00000000d1d594b0,0x00000000d1d80000)
Event: 5.119 GC heap after
Heap after GC invocations=5 (full 1):
 PSYoungGen      total 70144K, used 0K [0x00000000f5500000, 0x00000000f9c00000, 0x0000000100000000)
  eden space 67584K, 0% used [0x00000000f5500000,0x00000000f5500000,0x00000000f9700000)
  from space 2560K, 0% used [0x00000000f9980000,0x00000000f9980000,0x00000000f9c00000)
  to   space 2560K, 0% used [0x00000000f9700000,0x00000000f9700000,0x00000000f9980000)
 ParOldGen       total 68096K, used 27272K [0x00000000e0000000, 0x00000000e4280000, 0x00000000f5500000)
  object space 68096K, 40% used [0x00000000e0000000,0x00000000e1aa2298,0x00000000e4280000)
 PSPermGen       total 60416K, used 30045K [0x00000000d0000000, 0x00000000d3b00000, 0x00000000e0000000)
  object space 60416K, 49% used [0x00000000d0000000,0x00000000d1d57768,0x00000000d3b00000)
}
Event: 9.486 GC heap before
{Heap before GC invocations=6 (full 1):
 PSYoungGen      total 70144K, used 67584K [0x00000000f5500000, 0x00000000f9c00000, 0x0000000100000000)
  eden space 67584K, 100% used [0x00000000f5500000,0x00000000f9700000,0x00000000f9700000)
  from space 2560K, 0% used [0x00000000f9980000,0x00000000f9980000,0x00000000f9c00000)
  to   space 2560K, 0% used [0x00000000f9700000,0x00000000f9700000,0x00000000f9980000)
 ParOldGen       total 68096K, used 27272K [0x00000000e0000000, 0x00000000e4280000, 0x00000000f5500000)
  object space 68096K, 40% used [0x00000000e0000000,0x00000000e1aa2298,0x00000000e4280000)
 PSPermGen       total 60416K, used 47507K [0x00000000d0000000, 0x00000000d3b00000, 0x00000000e0000000)
  object space 60416K, 78% used [0x00000000d0000000,0x00000000d2e64ea0,0x00000000d3b00000)
Event: 9.503 GC heap after
Heap after GC invocations=6 (full 1):
 PSYoungGen      total 70144K, used 2529K [0x00000000f5500000, 0x00000000fe680000, 0x0000000100000000)
  eden space 67584K, 0% used [0x00000000f5500000,0x00000000f5500000,0x00000000f9700000)
  from space 2560K, 98% used [0x00000000f9700000,0x00000000f9978450,0x00000000f9980000)
  to   space 23552K, 0% used [0x00000000fcf80000,0x00000000fcf80000,0x00000000fe680000)
 ParOldGen       total 68096K, used 43734K [0x00000000e0000000, 0x00000000e4280000, 0x00000000f5500000)
  object space 68096K, 64% used [0x00000000e0000000,0x00000000e2ab58b0,0x00000000e4280000)
 PSPermGen       total 60416K, used 47507K [0x00000000d0000000, 0x00000000d3b00000, 0x00000000e0000000)
  object space 60416K, 78% used [0x00000000d0000000,0x00000000d2e64ea0,0x00000000d3b00000)
}
Event: 57.582 GC heap before
{Heap before GC invocations=7 (full 1):
 PSYoungGen      total 70144K, used 70113K [0x00000000f5500000, 0x00000000fe680000, 0x0000000100000000)
  eden space 67584K, 100% used [0x00000000f5500000,0x00000000f9700000,0x00000000f9700000)
  from space 2560K, 98% used [0x00000000f9700000,0x00000000f9978450,0x00000000f9980000)
  to   space 23552K, 0% used [0x00000000fcf80000,0x00000000fcf80000,0x00000000fe680000)
 ParOldGen       total 68096K, used 43734K [0x00000000e0000000, 0x00000000e4280000, 0x00000000f5500000)
  object space 68096K, 64% used [0x00000000e0000000,0x00000000e2ab58b0,0x00000000e4280000)
 PSPermGen       total 60416K, used 57357K [0x00000000d0000000, 0x00000000d3b00000, 0x00000000e0000000)
  object space 60416K, 94% used [0x00000000d0000000,0x00000000d3803440,0x00000000d3b00000)
Event: 57.596 GC heap after
Heap after GC invocations=7 (full 1):
 PSYoungGen      total 118272K, used 16788K [0x00000000f5500000, 0x00000000fe400000, 0x0000000100000000)
  eden space 97280K, 0% used [0x00000000f5500000,0x00000000f5500000,0x00000000fb400000)
  from space 20992K, 79% used [0x00000000fcf80000,0x00000000fdfe5310,0x00000000fe400000)
  to   space 24576K, 0% used [0x00000000fb400000,0x00000000fb400000,0x00000000fcc00000)
 ParOldGen       total 68096K, used 43742K [0x00000000e0000000, 0x00000000e4280000, 0x00000000f5500000)
  object space 68096K, 64% used [0x00000000e0000000,0x00000000e2ab78b0,0x00000000e4280000)
 PSPermGen       total 60416K, used 57357K [0x00000000d0000000, 0x00000000d3b00000, 0x00000000e0000000)
  object space 60416K, 94% used [0x00000000d0000000,0x00000000d3803440,0x00000000d3b00000)
}

